{"/Users/anatolyk/PhpstormProjects/deep-cover/fixtures/paradigms/bug-unhandled-error/src/order.service.ts": {"path":"/Users/anatolyk/PhpstormProjects/deep-cover/fixtures/paradigms/bug-unhandled-error/src/order.service.ts","statementMap":{"0":{"start":{"line":13,"column":31},"end":{"line":13,"column":58}},"1":{"start":{"line":16,"column":4},"end":{"line":21,"column":5}},"2":{"start":{"line":17,"column":27},"end":{"line":17,"column":67}},"3":{"start":{"line":18,"column":6},"end":{"line":18,"column":47}},"4":{"start":{"line":20,"column":6},"end":{"line":20,"column":77}},"5":{"start":{"line":12,"column":0},"end":{"line":12,"column":13}}},"fnMap":{"0":{"name":"(anonymous_0)","decl":{"start":{"line":13,"column":2},"end":{"line":13,"column":31}},"loc":{"start":{"line":13,"column":58},"end":{"line":13,"column":62}}},"1":{"name":"(anonymous_1)","decl":{"start":{"line":15,"column":2},"end":{"line":15,"column":7}},"loc":{"start":{"line":15,"column":34},"end":{"line":22,"column":3}}}},"branchMap":{},"s":{"0":1,"1":1,"2":1,"3":1,"4":0,"5":1},"f":{"0":1,"1":1},"b":{}}
}
