{"/Users/anatolyk/PhpstormProjects/deep-cover/fixtures/paradigms/dont-test-getters-setters/src/user-data.ts": {"path":"/Users/anatolyk/PhpstormProjects/deep-cover/fixtures/paradigms/dont-test-getters-setters/src/user-data.ts","statementMap":{"0":{"start":{"line":2,"column":10},"end":{"line":2,"column":28}},"1":{"start":{"line":3,"column":10},"end":{"line":3,"column":29}},"2":{"start":{"line":4,"column":10},"end":{"line":4,"column":26}},"3":{"start":{"line":6,"column":22},"end":{"line":6,"column":39}},"4":{"start":{"line":7,"column":32},"end":{"line":7,"column":64}},"5":{"start":{"line":8,"column":23},"end":{"line":8,"column":41}},"6":{"start":{"line":9,"column":34},"end":{"line":9,"column":74}},"7":{"start":{"line":10,"column":21},"end":{"line":10,"column":37}},"8":{"start":{"line":11,"column":30},"end":{"line":11,"column":45}},"9":{"start":{"line":14,"column":4},"end":{"line":14,"column":24}},"10":{"start":{"line":18,"column":4},"end":{"line":18,"column":38}},"11":{"start":{"line":1,"column":0},"end":{"line":1,"column":13}}},"fnMap":{"0":{"name":"(anonymous_0)","decl":{"start":{"line":1,"column":0},"end":{"line":1,"column":13}},"loc":{"start":{"line":1,"column":0},"end":{"line":20,"column":1}}},"1":{"name":"(anonymous_1)","decl":{"start":{"line":6,"column":2},"end":{"line":6,"column":9}},"loc":{"start":{"line":6,"column":9},"end":{"line":6,"column":41}}},"2":{"name":"(anonymous_2)","decl":{"start":{"line":7,"column":2},"end":{"line":7,"column":9}},"loc":{"start":{"line":7,"column":22},"end":{"line":7,"column":66}}},"3":{"name":"(anonymous_3)","decl":{"start":{"line":8,"column":2},"end":{"line":8,"column":10}},"loc":{"start":{"line":8,"column":10},"end":{"line":8,"column":43}}},"4":{"name":"(anonymous_4)","decl":{"start":{"line":9,"column":2},"end":{"line":9,"column":10}},"loc":{"start":{"line":9,"column":24},"end":{"line":9,"column":76}}},"5":{"name":"(anonymous_5)","decl":{"start":{"line":10,"column":2},"end":{"line":10,"column":8}},"loc":{"start":{"line":10,"column":8},"end":{"line":10,"column":39}}},"6":{"name":"(anonymous_6)","decl":{"start":{"line":11,"column":2},"end":{"line":11,"column":8}},"loc":{"start":{"line":11,"column":20},"end":{"line":11,"column":47}}},"7":{"name":"(anonymous_7)","decl":{"start":{"line":13,"column":10},"end":{"line":13,"column":18}},"loc":{"start":{"line":13,"column":32},"end":{"line":15,"column":3}}},"8":{"name":"(anonymous_8)","decl":{"start":{"line":17,"column":10},"end":{"line":17,"column":24}},"loc":{"start":{"line":17,"column":38},"end":{"line":19,"column":3}}}},"branchMap":{},"s":{"0":3,"1":3,"2":3,"3":3,"4":3,"5":3,"6":3,"7":2,"8":3,"9":3,"10":3,"11":1},"f":{"0":3,"1":3,"2":3,"3":3,"4":3,"5":2,"6":3,"7":3,"8":3},"b":{}}
,"/Users/anatolyk/PhpstormProjects/deep-cover/fixtures/paradigms/dont-test-getters-setters/src/user-service.ts": {"path":"/Users/anatolyk/PhpstormProjects/deep-cover/fixtures/paradigms/dont-test-getters-setters/src/user-service.ts","statementMap":{"0":{"start":{"line":1,"column":0},"end":{"line":1,"column":39}},"1":{"start":{"line":5,"column":17},"end":{"line":5,"column":31}},"2":{"start":{"line":6,"column":4},"end":{"line":6,"column":23}},"3":{"start":{"line":7,"column":4},"end":{"line":7,"column":25}},"4":{"start":{"line":8,"column":4},"end":{"line":8,"column":21}},"5":{"start":{"line":9,"column":4},"end":{"line":9,"column":16}},"6":{"start":{"line":13,"column":4},"end":{"line":13,"column":74}},"7":{"start":{"line":3,"column":0},"end":{"line":3,"column":13}}},"fnMap":{"0":{"name":"(anonymous_0)","decl":{"start":{"line":4,"column":2},"end":{"line":4,"column":12}},"loc":{"start":{"line":4,"column":53},"end":{"line":10,"column":3}}},"1":{"name":"(anonymous_1)","decl":{"start":{"line":12,"column":2},"end":{"line":12,"column":12}},"loc":{"start":{"line":12,"column":27},"end":{"line":14,"column":3}}}},"branchMap":{},"s":{"0":1,"1":3,"2":3,"3":3,"4":3,"5":3,"6":1,"7":1},"f":{"0":3,"1":1},"b":{}}
}
